<?xml version="1.0" encoding="UTF-8"?>
<testng-results ignored="0" total="1" passed="1" failed="0" skipped="0">
  <reporter-output>
  </reporter-output>
  <suite started-at="2026-03-24T14:33:48 IST" name="Surefire suite" finished-at="2026-03-24T14:33:55 IST" duration-ms="7586">
    <groups>
    </groups>
    <test started-at="2026-03-24T14:33:48 IST" name="Surefire test" finished-at="2026-03-24T14:33:55 IST" duration-ms="7586">
      <class name="LoginTest">
        <test-method signature="testGoogleTitle()[pri:0, instance:LoginTest@11dc3715]" started-at="2026-03-24T14:33:48 IST" name="testGoogleTitle" finished-at="2026-03-24T14:33:55 IST" duration-ms="7524" status="PASS">
          <reporter-output>
          </reporter-output>
        </test-method> <!-- testGoogleTitle -->
      </class> <!-- LoginTest -->
    </test> <!-- Surefire test -->
  </suite> <!-- Surefire suite -->
</testng-results>
